2021-05-22 00:50:38.753 193548: all servers shutdown
2021-05-22 19:57:29.142 [DEBU] SetServerRoot path: /home/prcups/Projects/NatsunaBlog/public
2021-05-22 19:57:29.143 247842: http server started listening on [:8199]

  SERVER  | DOMAIN  | ADDRESS | METHOD |                    ROUTE                    |                       HANDLER                       |   MIDDLEWARE     
|---------|---------|---------|--------|---------------------------------------------|-----------------------------------------------------|-----------------|
  default | default | :8199   | POST   | /ava-api/check                              | NatsunaBlog/app/api/check.Check                     | middleware.CORS  
|---------|---------|---------|--------|---------------------------------------------|-----------------------------------------------------|-----------------|
  default | default | :8199   | GET    | /ava-api/get-classify/get-all               | NatsunaBlog/app/service/classify.GetAllClassify     | middleware.CORS  
|---------|---------|---------|--------|---------------------------------------------|-----------------------------------------------------|-----------------|
  default | default | :8199   | GET    | /ava-api/get-classify/get-classify-page-num | NatsunaBlog/app/service/classify.GetClassifyPageNum | middleware.CORS  
|---------|---------|---------|--------|---------------------------------------------|-----------------------------------------------------|-----------------|
  default | default | :8199   | GET    | /ava-api/get-classify/get-post              | NatsunaBlog/app/service/classify.GetPostOfClassify  | middleware.CORS  
|---------|---------|---------|--------|---------------------------------------------|-----------------------------------------------------|-----------------|
  default | default | :8199   | GET    | /ava-api/get-info                           | NatsunaBlog/app/api/info.GetInfo                    | middleware.CORS  
|---------|---------|---------|--------|---------------------------------------------|-----------------------------------------------------|-----------------|
  default | default | :8199   | GET    | /ava-api/get-nav                            | NatsunaBlog/app/api/info.GetNav                     | middleware.CORS  
|---------|---------|---------|--------|---------------------------------------------|-----------------------------------------------------|-----------------|
  default | default | :8199   | GET    | /ava-api/get-page-num                       | NatsunaBlog/app/service/post.GetPageNum             | middleware.CORS  
|---------|---------|---------|--------|---------------------------------------------|-----------------------------------------------------|-----------------|
  default | default | :8199   | GET    | /ava-api/get-posts                          | NatsunaBlog/app/service/post.GetPosts               | middleware.CORS  
|---------|---------|---------|--------|---------------------------------------------|-----------------------------------------------------|-----------------|
  default | default | :8199   | GET    | /ava-api/get-timeline/get-all               | NatsunaBlog/app/service/timeline.GetAllTimeLine     | middleware.CORS  
|---------|---------|---------|--------|---------------------------------------------|-----------------------------------------------------|-----------------|
  default | default | :8199   | GET    | /ava-api/get-timeline/get-post              | NatsunaBlog/app/service/timeline.GetPostOfTimeLine  | middleware.CORS  
|---------|---------|---------|--------|---------------------------------------------|-----------------------------------------------------|-----------------|
  default | default | :8199   | GET    | /ava-api/get-timeline/get-timeline-page-num | NatsunaBlog/app/service/timeline.GetTimeLinePageNum | middleware.CORS  
|---------|---------|---------|--------|---------------------------------------------|-----------------------------------------------------|-----------------|
  default | default | :8199   | POST   | /ava-api/image/delete                       | NatsunaBlog/app/api/image.DeleteImage               | middleware.CORS  
|---------|---------|---------|--------|---------------------------------------------|-----------------------------------------------------|-----------------|
  default | default | :8199   | POST   | /ava-api/image/upload                       | NatsunaBlog/app/api/image.UploadImage               | middleware.CORS  
|---------|---------|---------|--------|---------------------------------------------|-----------------------------------------------------|-----------------|
  default | default | :8199   | GET    | /ava-api/logout                             | NatsunaBlog/app/api/check.LogOut                    | middleware.CORS  
|---------|---------|---------|--------|---------------------------------------------|-----------------------------------------------------|-----------------|
  default | default | :8199   | POST   | /ava-api/post/delete                        | NatsunaBlog/app/service/post.DeletePost             | middleware.CORS  
|---------|---------|---------|--------|---------------------------------------------|-----------------------------------------------------|-----------------|
  default | default | :8199   | GET    | /ava-api/post/get-one                       | NatsunaBlog/app/service/post.GetOnePost             | middleware.CORS  
|---------|---------|---------|--------|---------------------------------------------|-----------------------------------------------------|-----------------|
  default | default | :8199   | POST   | /ava-api/post/update                        | NatsunaBlog/app/service/post.UpdatePost             | middleware.CORS  
|---------|---------|---------|--------|---------------------------------------------|-----------------------------------------------------|-----------------|

2021-05-22 21:21:51.961 247842: all servers shutdown
